<?xml version="1.0" encoding="UTF-8"?>
<robot generator="Robot 7.0 (Python 3.12.7 on win32)" generated="2024-11-19T21:52:25.705204" rpa="false" schemaversion="5">
<suite id="s1" name="VG Glint Project" source="C:\Users\VBhara01\PycharmProjects\VG_Glint_Project">
<suite id="s1-s1" name="Resources" source="C:\Users\VBhara01\PycharmProjects\VG_Glint_Project\Resources">
<suite id="s1-s1-s1" name="Test" source="C:\Users\VBhara01\PycharmProjects\VG_Glint_Project\Resources\Test.robot">
<test id="s1-s1-s1-t1" name="TC_009 ReportSetting" line="95">
<kw name="LogintoApp" owner="conftest">
<kw name="Set Selenium Implicit Wait" owner="SeleniumLibrary">
<arg>10</arg>
<doc>Sets the implicit wait value used by Selenium.</doc>
<status status="PASS" start="2024-11-19T21:52:26.391836" elapsed="0.000000"/>
</kw>
<kw name="Open Browser" owner="SeleniumLibrary">
<msg time="2024-11-19T21:52:26.391836" level="INFO">Opening browser 'chrome' to base url 'https://app.vgqa.glint.cloud-dev.microsoft/session/auth'.</msg>
<arg>https://app.vgqa.glint.cloud-dev.microsoft/session/auth</arg>
<arg>browser=chrome</arg>
<doc>Opens a new browser instance to the optional ``url``.</doc>
<status status="PASS" start="2024-11-19T21:52:26.391836" elapsed="9.920251"/>
</kw>
<kw name="Maximize Browser Window" owner="SeleniumLibrary">
<doc>Maximizes current browser window.</doc>
<status status="PASS" start="2024-11-19T21:52:36.312087" elapsed="0.069401"/>
</kw>
<kw name="Click Element" owner="SeleniumLibrary">
<msg time="2024-11-19T21:52:36.385459" level="INFO">Clicking element 'id=email'.</msg>
<arg>${Email}</arg>
<doc>Click the element identified by ``locator``.</doc>
<status status="PASS" start="2024-11-19T21:52:36.383475" elapsed="0.589228"/>
</kw>
<kw name="Input Text" owner="SeleniumLibrary">
<msg time="2024-11-19T21:52:36.972703" level="INFO">Typing text 'qatester@glintinc.com' into text field 'id=email'.</msg>
<arg>${Email}</arg>
<arg>qatester@glintinc.com</arg>
<doc>Types the given ``text`` into the text field identified by ``locator``.</doc>
<status status="PASS" start="2024-11-19T21:52:36.972703" elapsed="0.307422"/>
</kw>
<kw name="Click Button" owner="SeleniumLibrary">
<msg time="2024-11-19T21:52:37.280125" level="INFO">Clicking button 'Xpath=//button[@type='submit']'.</msg>
<arg>${Email_submit_btn}</arg>
<doc>Clicks the button identified by ``locator``.</doc>
<status status="PASS" start="2024-11-19T21:52:37.280125" elapsed="0.199554"/>
</kw>
<kw name="Click Element" owner="SeleniumLibrary">
<msg time="2024-11-19T21:52:37.480677" level="INFO">Clicking element 'id=clientUuid'.</msg>
<arg>${Client_Id}</arg>
<doc>Click the element identified by ``locator``.</doc>
<status status="PASS" start="2024-11-19T21:52:37.479679" elapsed="0.998540"/>
</kw>
<kw name="Input Text" owner="SeleniumLibrary">
<msg time="2024-11-19T21:52:38.479247" level="INFO">Typing text 'qa20230302_1' into text field 'id=clientUuid'.</msg>
<arg>${Client_Id}</arg>
<arg>qa20230302_1</arg>
<doc>Types the given ``text`` into the text field identified by ``locator``.</doc>
<status status="PASS" start="2024-11-19T21:52:38.478219" elapsed="0.200022"/>
</kw>
<kw name="Click Button" owner="SeleniumLibrary">
<msg time="2024-11-19T21:52:38.678241" level="INFO">Clicking button 'Xpath=//button[@type='submit']'.</msg>
<arg>${Email_submit_btn}</arg>
<doc>Clicks the button identified by ``locator``.</doc>
<status status="PASS" start="2024-11-19T21:52:38.678241" elapsed="0.154507"/>
</kw>
<kw name="Click Element" owner="SeleniumLibrary">
<msg time="2024-11-19T21:52:38.832748" level="INFO">Clicking element 'id=password'.</msg>
<arg>${Password}</arg>
<doc>Click the element identified by ``locator``.</doc>
<status status="PASS" start="2024-11-19T21:52:38.832748" elapsed="1.832376"/>
</kw>
<kw name="Input Text" owner="SeleniumLibrary">
<msg time="2024-11-19T21:52:40.665124" level="INFO">Typing text 'Dem0@pass2' into text field 'id=password'.</msg>
<arg>${Password}</arg>
<arg>Dem0@pass2</arg>
<doc>Types the given ``text`` into the text field identified by ``locator``.</doc>
<status status="PASS" start="2024-11-19T21:52:40.665124" elapsed="0.188825"/>
</kw>
<kw name="Click Button" owner="SeleniumLibrary">
<msg time="2024-11-19T21:52:40.858424" level="INFO">Clicking button 'Xpath=//button[@type='submit']'.</msg>
<arg>${Email_submit_btn}</arg>
<doc>Clicks the button identified by ``locator``.</doc>
<status status="PASS" start="2024-11-19T21:52:40.853949" elapsed="0.155681"/>
</kw>
<kw name="Sleep" owner="BuiltIn">
<msg time="2024-11-19T21:52:51.019571" level="INFO">Slept 10 seconds.</msg>
<arg>10</arg>
<doc>Pauses the test executed for the given time.</doc>
<status status="PASS" start="2024-11-19T21:52:41.009630" elapsed="10.013150"/>
</kw>
<kw name="Click Element" owner="SeleniumLibrary">
<msg time="2024-11-19T21:52:51.026875" level="INFO">Clicking element 'Xpath=//a[@class='reportsNavItem ng-star-inserted']'.</msg>
<arg>${Report}</arg>
<doc>Click the element identified by ``locator``.</doc>
<status status="PASS" start="2024-11-19T21:52:51.022780" elapsed="1.931831"/>
</kw>
<status status="PASS" start="2024-11-19T21:52:26.391836" elapsed="26.562775"/>
</kw>
<kw name="OpenEngagementSurvey" owner="conftest">
<kw name="Click Element" owner="SeleniumLibrary">
<msg time="2024-11-19T21:52:52.964862" level="INFO">Clicking element 'Xpath=//span[text()='Engagement']'.</msg>
<arg>${Survey}</arg>
<doc>Click the element identified by ``locator``.</doc>
<status status="PASS" start="2024-11-19T21:52:52.964862" elapsed="0.360425"/>
</kw>
<status status="PASS" start="2024-11-19T21:52:52.962665" elapsed="0.362622"/>
</kw>
<kw name="Reload Page" owner="SeleniumLibrary">
<doc>Simulates user reloading page.</doc>
<status status="PASS" start="2024-11-19T21:52:53.326251" elapsed="4.738854"/>
</kw>
<kw name="OpenTeamsummaryReport" owner="conftest">
<kw name="Click Element" owner="SeleniumLibrary">
<msg time="2024-11-19T21:52:58.068102" level="INFO">Clicking element 'Xpath=//div[text()='Team Summary']'.</msg>
<msg time="2024-11-19T21:53:08.271821" level="INFO" html="true">&lt;/td&gt;&lt;/tr&gt;&lt;tr&gt;&lt;td colspan="3"&gt;&lt;a href="selenium-screenshot-91.png"&gt;&lt;img src="selenium-screenshot-91.png" width="800px"&gt;&lt;/a&gt;</msg>
<msg time="2024-11-19T21:53:08.272820" level="FAIL">Element with locator 'Xpath=//div[text()='Team Summary']' not found.</msg>
<arg>${Team_summary}</arg>
<doc>Click the element identified by ``locator``.</doc>
<status status="FAIL" start="2024-11-19T21:52:58.067102" elapsed="10.216716">Element with locator 'Xpath=//div[text()='Team Summary']' not found.</status>
</kw>
<status status="FAIL" start="2024-11-19T21:52:58.066103" elapsed="10.217715">Element with locator 'Xpath=//div[text()='Team Summary']' not found.</status>
</kw>
<kw name="Click Element" owner="SeleniumLibrary">
<arg>${ReportSettings}</arg>
<doc>Click the element identified by ``locator``.</doc>
<status status="NOT RUN" start="2024-11-19T21:53:08.284818" elapsed="0.000000"/>
</kw>
<kw name="Page Should Contain Radio Button" owner="SeleniumLibrary">
<arg>${MyteamsRadio}</arg>
<doc>Verifies radio button ``locator`` is found from current page.</doc>
<status status="NOT RUN" start="2024-11-19T21:53:08.285818" elapsed="0.001008"/>
</kw>
<kw name="Page Should Not Contain Radio Button" owner="SeleniumLibrary">
<arg>${MyteamsRadio}</arg>
<doc>Verifies radio button ``locator`` is not found from current page.</doc>
<status status="NOT RUN" start="2024-11-19T21:53:08.287817" elapsed="0.000000"/>
</kw>
<kw name="Select Radio Button" owner="SeleniumLibrary">
<arg>${MyteamsRadio}</arg>
<arg>My Teams</arg>
<doc>Sets the radio button group ``group_name`` to ``value``.</doc>
<status status="NOT RUN" start="2024-11-19T21:53:08.288818" elapsed="0.000000"/>
</kw>
<kw name="Select Radio Button" owner="SeleniumLibrary">
<arg>${MyCompanyRadio}</arg>
<arg>Company</arg>
<doc>Sets the radio button group ``group_name`` to ``value``.</doc>
<status status="NOT RUN" start="2024-11-19T21:53:08.289817" elapsed="0.000000"/>
</kw>
<kw name="Radio Button Should Be Set To" owner="SeleniumLibrary">
<arg>${MyCompanyRadio}</arg>
<arg>My Teams</arg>
<doc>Verifies radio button group ``group_name`` is set to ``value``.</doc>
<status status="NOT RUN" start="2024-11-19T21:53:08.290817" elapsed="0.000000"/>
</kw>
<kw name="Capture Page Screenshot" owner="SeleniumLibrary">
<arg>filename=Comparision.png</arg>
<doc>Takes a screenshot of the current page and embeds it into a log file.</doc>
<status status="NOT RUN" start="2024-11-19T21:53:08.291816" elapsed="0.000000"/>
</kw>
<kw name="Close Browser" owner="SeleniumLibrary">
<doc>Closes the current browser.</doc>
<status status="NOT RUN" start="2024-11-19T21:53:08.291816" elapsed="0.000999"/>
</kw>
<status status="FAIL" start="2024-11-19T21:52:26.391836" elapsed="41.901983">Element with locator 'Xpath=//div[text()='Team Summary']' not found.</status>
</test>
<status status="FAIL" start="2024-11-19T21:52:25.784577" elapsed="42.513241"/>
</suite>
<status status="FAIL" start="2024-11-19T21:52:25.777569" elapsed="42.525252"/>
</suite>
<status status="FAIL" start="2024-11-19T21:52:25.712396" elapsed="42.593423"/>
</suite>
<statistics>
<total>
<stat pass="0" fail="1" skip="0">All Tests</stat>
</total>
<tag>
</tag>
<suite>
<stat pass="0" fail="1" skip="0" id="s1" name="VG Glint Project">VG Glint Project</stat>
<stat pass="0" fail="1" skip="0" id="s1-s1" name="Resources">VG Glint Project.Resources</stat>
<stat pass="0" fail="1" skip="0" id="s1-s1-s1" name="Test">VG Glint Project.Resources.Test</stat>
</suite>
</statistics>
<errors>
</errors>
</robot>
